2019-05-23 02:40:37,329  INFO [main] ContactPageTest:43 - Checking for which browser we are running our script
2019-05-23 02:40:37,333  INFO [main] ContactPageTest:45 - Chrome driver is getting invoked
2019-05-23 02:40:37,333  INFO [main] ContactPageTest:51 - Chrome Browser is starting
2019-05-23 02:40:41,135  INFO [main] ContactPageTest:62 - Invoking the Event listener class for console action
2019-05-23 02:40:42,444  INFO [main] ContactPageTest:73 - Url is getting fetched
2019-05-23 02:40:48,432  INFO [main] ContactPageTest:70 - Validate Login to CRM application is scuccessful TC3
2019-05-23 02:40:48,433  INFO [main] ContactPageTest:43 - Inserting username
2019-05-23 02:40:48,566  INFO [main] ContactPageTest:45 - Inserting password
2019-05-23 02:40:50,706  INFO [main] ContactPageTest:48 - Click on login button for login to application
2019-05-23 02:40:56,661  INFO [main] ContactPageTest:50 - Home page should get open
2019-05-23 02:40:56,668  INFO [main] ContactPageTest:77 - Close the Browser 
2019-05-23 02:40:57,366  INFO [main] ContactPageTest:43 - Checking for which browser we are running our script
2019-05-23 02:40:57,367  INFO [main] ContactPageTest:45 - Chrome driver is getting invoked
2019-05-23 02:40:57,368  INFO [main] ContactPageTest:51 - Chrome Browser is starting
2019-05-23 02:41:00,089  INFO [main] ContactPageTest:62 - Invoking the Event listener class for console action
2019-05-23 02:41:01,272  INFO [main] ContactPageTest:73 - Url is getting fetched
2019-05-23 02:41:07,824  INFO [main] ContactPageTest:62 - Validate Login page Image TC2
2019-05-23 02:41:07,901  INFO [main] ContactPageTest:77 - Close the Browser 
2019-05-23 02:41:08,621  INFO [main] ContactPageTest:43 - Checking for which browser we are running our script
2019-05-23 02:41:08,623  INFO [main] ContactPageTest:45 - Chrome driver is getting invoked
2019-05-23 02:41:08,624  INFO [main] ContactPageTest:51 - Chrome Browser is starting
2019-05-23 02:41:11,140  INFO [main] ContactPageTest:62 - Invoking the Event listener class for console action
2019-05-23 02:41:12,311  INFO [main] ContactPageTest:73 - Url is getting fetched
2019-05-23 02:41:18,755  INFO [main] ContactPageTest:49 - Validate Login page Logo TC1
2019-05-23 02:41:18,777  INFO [main] ContactPageTest:52 - loginPage title is present
2019-05-23 02:41:18,778  WARN [main] ContactPageTest:53 - loginPage title is having Warning message
2019-05-23 02:41:18,778 FATAL [main] ContactPageTest:54 - loginPage title is having  fatal message
2019-05-23 02:41:18,778 ERROR [main] ContactPageTest:55 - loginPage title is having  error message
2019-05-23 02:41:18,779 DEBUG [main] ContactPageTest:56 - loginPage title is having  debug message
2019-05-23 02:41:18,780  INFO [main] ContactPageTest:77 - Close the Browser 
2019-05-23 02:41:19,590  INFO [main] ContactPageTest:43 - Checking for which browser we are running our script
2019-05-23 02:41:19,590  INFO [main] ContactPageTest:45 - Chrome driver is getting invoked
2019-05-23 02:41:19,591  INFO [main] ContactPageTest:51 - Chrome Browser is starting
2019-05-23 02:41:23,394  INFO [main] ContactPageTest:62 - Invoking the Event listener class for console action
2019-05-23 02:41:24,609  INFO [main] ContactPageTest:73 - Url is getting fetched
2019-05-23 02:41:31,075  INFO [main] ContactPageTest:55 - Login into FREECRM application
2019-05-23 02:41:31,076  INFO [main] ContactPageTest:43 - Inserting username
2019-05-23 02:41:31,204  INFO [main] ContactPageTest:45 - Inserting password
2019-05-23 02:41:33,345  INFO [main] ContactPageTest:48 - Click on login button for login to application
2019-05-23 02:41:39,122  INFO [main] ContactPageTest:50 - Home page should get open
2019-05-23 02:41:39,125  INFO [main] ContactPageTest:79 - Validate contact link is working TC6
2019-05-23 02:41:39,126  INFO [main] ContactPageTest:80 - USer hould able to Switch the frame
2019-05-23 02:41:39,126  INFO [main] ContactPageTest:30 - Invoking frame action command
2019-05-23 02:41:39,190  INFO [main] ContactPageTest:82 - User is clicking on Contact Link tab/hyperlink
2019-05-23 02:41:40,658  INFO [main] ContactPageTest:88 - Close the Browser 
2019-05-23 02:41:42,880  INFO [main] ContactPageTest:43 - Checking for which browser we are running our script
2019-05-23 02:41:42,880  INFO [main] ContactPageTest:45 - Chrome driver is getting invoked
2019-05-23 02:41:42,881  INFO [main] ContactPageTest:51 - Chrome Browser is starting
2019-05-23 02:41:46,149  INFO [main] ContactPageTest:62 - Invoking the Event listener class for console action
2019-05-23 02:41:47,314  INFO [main] ContactPageTest:73 - Url is getting fetched
2019-05-23 02:41:53,686  INFO [main] ContactPageTest:55 - Login into FREECRM application
2019-05-23 02:41:53,686  INFO [main] ContactPageTest:43 - Inserting username
2019-05-23 02:41:53,794  INFO [main] ContactPageTest:45 - Inserting password
2019-05-23 02:41:55,936  INFO [main] ContactPageTest:48 - Click on login button for login to application
2019-05-23 02:42:01,841  INFO [main] ContactPageTest:50 - Home page should get open
2019-05-23 02:42:01,843  INFO [main] ContactPageTest:62 - Validate Homepage Logo TC4
2019-05-23 02:42:01,855  INFO [main] ContactPageTest:88 - Close the Browser 
2019-05-23 02:42:02,653  INFO [main] ContactPageTest:43 - Checking for which browser we are running our script
2019-05-23 02:42:02,653  INFO [main] ContactPageTest:45 - Chrome driver is getting invoked
2019-05-23 02:42:02,654  INFO [main] ContactPageTest:51 - Chrome Browser is starting
2019-05-23 02:42:05,498  INFO [main] ContactPageTest:62 - Invoking the Event listener class for console action
2019-05-23 02:42:06,664  INFO [main] ContactPageTest:73 - Url is getting fetched
2019-05-23 02:42:12,991  INFO [main] ContactPageTest:55 - Login into FREECRM application
2019-05-23 02:42:12,991  INFO [main] ContactPageTest:43 - Inserting username
2019-05-23 02:42:13,095  INFO [main] ContactPageTest:45 - Inserting password
2019-05-23 02:42:15,226  INFO [main] ContactPageTest:48 - Click on login button for login to application
2019-05-23 02:42:21,727  INFO [main] ContactPageTest:50 - Home page should get open
2019-05-23 02:42:21,730  INFO [main] ContactPageTest:70 - Validate UserName  TC5
2019-05-23 02:42:21,730  INFO [main] ContactPageTest:30 - Invoking frame action command
2019-05-23 02:42:21,848  INFO [main] ContactPageTest:88 - Close the Browser 
2019-05-23 02:42:22,649  INFO [main] ContactPageTest:43 - Checking for which browser we are running our script
2019-05-23 02:42:22,650  INFO [main] ContactPageTest:45 - Chrome driver is getting invoked
2019-05-23 02:42:22,651  INFO [main] ContactPageTest:51 - Chrome Browser is starting
2019-05-23 02:42:25,577  INFO [main] ContactPageTest:62 - Invoking the Event listener class for console action
2019-05-23 02:42:26,742  INFO [main] ContactPageTest:73 - Url is getting fetched
2019-05-23 02:42:34,202  INFO [main] ContactPageTest:48 - Login into CRM application
2019-05-23 02:42:34,203  INFO [main] ContactPageTest:43 - Inserting username
2019-05-23 02:42:34,315  INFO [main] ContactPageTest:45 - Inserting password
2019-05-23 02:42:36,457  INFO [main] ContactPageTest:48 - Click on login button for login to application
2019-05-23 02:42:43,034  INFO [main] ContactPageTest:50 - Home page should get open
2019-05-23 02:42:43,035  INFO [main] ContactPageTest:50 - Switching the frame
2019-05-23 02:42:43,036  INFO [main] ContactPageTest:30 - Invoking frame action command
2019-05-23 02:42:43,111  INFO [main] ContactPageTest:52 - User is clicking on Contact hyperlink/tab
2019-05-23 02:42:44,632  INFO [main] ContactPageTest:59 - **********************Contact Label TestCase TC7*****************************
2019-05-23 02:42:44,682  INFO [main] ContactPageTest:96 - Close the Browser 
2019-05-23 02:42:45,650  INFO [main] ContactPageTest:43 - Checking for which browser we are running our script
2019-05-23 02:42:45,650  INFO [main] ContactPageTest:45 - Chrome driver is getting invoked
2019-05-23 02:42:45,650  INFO [main] ContactPageTest:51 - Chrome Browser is starting
2019-05-23 02:42:48,293  INFO [main] ContactPageTest:62 - Invoking the Event listener class for console action
2019-05-23 02:42:50,362  INFO [main] ContactPageTest:73 - Url is getting fetched
2019-05-23 02:42:57,179  INFO [main] ContactPageTest:48 - Login into CRM application
2019-05-23 02:42:57,180  INFO [main] ContactPageTest:43 - Inserting username
2019-05-23 02:42:57,326  INFO [main] ContactPageTest:45 - Inserting password
2019-05-23 02:42:59,459  INFO [main] ContactPageTest:48 - Click on login button for login to application
2019-05-23 02:43:06,179  INFO [main] ContactPageTest:50 - Home page should get open
2019-05-23 02:43:06,180  INFO [main] ContactPageTest:50 - Switching the frame
2019-05-23 02:43:06,180  INFO [main] ContactPageTest:30 - Invoking frame action command
2019-05-23 02:43:06,246  INFO [main] ContactPageTest:52 - User is clicking on Contact hyperlink/tab
2019-05-23 02:43:08,586  INFO [main] ContactPageTest:66 - ********************** select single Contact TC8 *****************************
2019-05-23 02:43:08,717  INFO [main] ContactPageTest:96 - Close the Browser 
2019-05-23 02:43:09,490  INFO [main] ContactPageTest:43 - Checking for which browser we are running our script
2019-05-23 02:43:09,491  INFO [main] ContactPageTest:45 - Chrome driver is getting invoked
2019-05-23 02:43:09,491  INFO [main] ContactPageTest:51 - Chrome Browser is starting
2019-05-23 02:43:12,290  INFO [main] ContactPageTest:62 - Invoking the Event listener class for console action
2019-05-23 02:43:13,465  INFO [main] ContactPageTest:73 - Url is getting fetched
2019-05-23 02:43:19,679  INFO [main] ContactPageTest:48 - Login into CRM application
2019-05-23 02:43:19,680  INFO [main] ContactPageTest:43 - Inserting username
2019-05-23 02:43:19,830  INFO [main] ContactPageTest:45 - Inserting password
2019-05-23 02:43:21,982  INFO [main] ContactPageTest:48 - Click on login button for login to application
2019-05-23 02:43:26,944  INFO [main] ContactPageTest:50 - Home page should get open
2019-05-23 02:43:26,945  INFO [main] ContactPageTest:50 - Switching the frame
2019-05-23 02:43:26,945  INFO [main] ContactPageTest:30 - Invoking frame action command
2019-05-23 02:43:27,015  INFO [main] ContactPageTest:52 - User is clicking on Contact hyperlink/tab
2019-05-23 02:43:29,716  INFO [main] ContactPageTest:73 - ********************** select Multiple Contact TC9 *****************************
2019-05-23 02:43:30,039  INFO [main] ContactPageTest:96 - Close the Browser 
2019-05-23 02:43:30,863  INFO [main] ContactPageTest:80 - User is fetching data from excel through data provider
2019-05-23 02:43:31,676  INFO [main] ContactPageTest:43 - Checking for which browser we are running our script
2019-05-23 02:43:31,677  INFO [main] ContactPageTest:45 - Chrome driver is getting invoked
2019-05-23 02:43:31,677  INFO [main] ContactPageTest:51 - Chrome Browser is starting
2019-05-23 02:43:34,570  INFO [main] ContactPageTest:62 - Invoking the Event listener class for console action
2019-05-23 02:43:35,812  INFO [main] ContactPageTest:73 - Url is getting fetched
2019-05-23 02:43:42,566  INFO [main] ContactPageTest:48 - Login into CRM application
2019-05-23 02:43:42,566  INFO [main] ContactPageTest:43 - Inserting username
2019-05-23 02:43:42,693  INFO [main] ContactPageTest:45 - Inserting password
2019-05-23 02:43:44,827  INFO [main] ContactPageTest:48 - Click on login button for login to application
2019-05-23 02:43:50,313  INFO [main] ContactPageTest:50 - Home page should get open
2019-05-23 02:43:50,315  INFO [main] ContactPageTest:50 - Switching the frame
2019-05-23 02:43:50,316  INFO [main] ContactPageTest:30 - Invoking frame action command
2019-05-23 02:43:50,428  INFO [main] ContactPageTest:52 - User is clicking on Contact hyperlink/tab
2019-05-23 02:43:52,078  INFO [main] ContactPageTest:88 - **********************Validate Creat New Contact TC10/TC11*****************************
2019-05-23 02:43:52,079  INFO [main] ContactPageTest:67 - invoking action command for moving to subtab
2019-05-23 02:43:55,207  INFO [main] ContactPageTest:48 - Selecting values from dropdown with help of action command
2019-05-23 02:43:55,341  INFO [main] ContactPageTest:51 - Fetching firstName from excel data
2019-05-23 02:43:55,581  INFO [main] ContactPageTest:53 - Fetching lastName from excel data
2019-05-23 02:43:55,752  INFO [main] ContactPageTest:55 - Fetching company name from excel data
2019-05-23 02:43:58,856  INFO [main] ContactPageTest:96 - Close the Browser 
2019-05-23 02:43:59,535  INFO [main] ContactPageTest:43 - Checking for which browser we are running our script
2019-05-23 02:43:59,535  INFO [main] ContactPageTest:45 - Chrome driver is getting invoked
2019-05-23 02:43:59,536  INFO [main] ContactPageTest:51 - Chrome Browser is starting
2019-05-23 02:44:02,129  INFO [main] ContactPageTest:62 - Invoking the Event listener class for console action
2019-05-23 02:44:03,318  INFO [main] ContactPageTest:73 - Url is getting fetched
2019-05-23 02:44:09,961  INFO [main] ContactPageTest:48 - Login into CRM application
2019-05-23 02:44:09,961  INFO [main] ContactPageTest:43 - Inserting username
2019-05-23 02:44:10,061  INFO [main] ContactPageTest:45 - Inserting password
2019-05-23 02:44:12,169  INFO [main] ContactPageTest:48 - Click on login button for login to application
2019-05-23 02:44:17,307  INFO [main] ContactPageTest:50 - Home page should get open
2019-05-23 02:44:17,308  INFO [main] ContactPageTest:50 - Switching the frame
2019-05-23 02:44:17,309  INFO [main] ContactPageTest:30 - Invoking frame action command
2019-05-23 02:44:17,352  INFO [main] ContactPageTest:52 - User is clicking on Contact hyperlink/tab
2019-05-23 02:44:18,908  INFO [main] ContactPageTest:88 - **********************Validate Creat New Contact TC10/TC11*****************************
2019-05-23 02:44:18,909  INFO [main] ContactPageTest:67 - invoking action command for moving to subtab
2019-05-23 02:44:21,874  INFO [main] ContactPageTest:48 - Selecting values from dropdown with help of action command
2019-05-23 02:44:22,088  INFO [main] ContactPageTest:51 - Fetching firstName from excel data
2019-05-23 02:44:22,296  INFO [main] ContactPageTest:53 - Fetching lastName from excel data
2019-05-23 02:44:22,426  INFO [main] ContactPageTest:55 - Fetching company name from excel data
2019-05-23 02:44:25,090  INFO [main] ContactPageTest:96 - Close the Browser 
2019-05-23 02:44:25,833 DEBUG [main] cache:45 - Couldn't find template in cache for "Extent.ftl"("en_IN", UTF-8, parsed); will try to load it.
2019-05-23 02:44:25,834 DEBUG [main] cache:45 - TemplateLoader.findTemplateSource("Extent_en_IN.ftl"): Not found
2019-05-23 02:44:25,836 DEBUG [main] cache:45 - TemplateLoader.findTemplateSource("Extent_en.ftl"): Not found
2019-05-23 02:44:25,838 DEBUG [main] cache:45 - TemplateLoader.findTemplateSource("Extent.ftl"): Found
2019-05-23 02:44:25,838 DEBUG [main] cache:45 - Loading template for "Extent.ftl"("en_IN", UTF-8, parsed) from "jar:file:/C:/Users/Anjani/Downloads/jar_files/extentreports-2.41.2.jar!/com/relevantcodes/extentreports/view/Extent.ftl"
2019-05-23 02:44:26,150 DEBUG [main] cache:45 - Couldn't find template in cache for "Extent.ftl"("en_IN", UTF-8, parsed); will try to load it.
2019-05-23 02:44:26,151 DEBUG [main] cache:45 - TemplateLoader.findTemplateSource("Extent_en_IN.ftl"): Not found
2019-05-23 02:44:26,151 DEBUG [main] cache:45 - TemplateLoader.findTemplateSource("Extent_en.ftl"): Not found
2019-05-23 02:44:26,152 DEBUG [main] cache:45 - TemplateLoader.findTemplateSource("Extent.ftl"): Found
2019-05-23 02:44:26,152 DEBUG [main] cache:45 - Loading template for "Extent.ftl"("en_IN", UTF-8, parsed) from "jar:file:/C:/Users/Anjani/Downloads/jar_files/extentreports-2.41.2.jar!/com/relevantcodes/extentreports/view/Extent.ftl"
2019-05-23 02:44:26,224 DEBUG [main] cache:45 - Couldn't find template in cache for "Extent.ftl"("en_IN", UTF-8, parsed); will try to load it.
2019-05-23 02:44:26,225 DEBUG [main] cache:45 - TemplateLoader.findTemplateSource("Extent_en_IN.ftl"): Not found
2019-05-23 02:44:26,225 DEBUG [main] cache:45 - TemplateLoader.findTemplateSource("Extent_en.ftl"): Not found
2019-05-23 02:44:26,226 DEBUG [main] cache:45 - TemplateLoader.findTemplateSource("Extent.ftl"): Found
2019-05-23 02:44:26,226 DEBUG [main] cache:45 - Loading template for "Extent.ftl"("en_IN", UTF-8, parsed) from "jar:file:/C:/Users/Anjani/Downloads/jar_files/extentreports-2.41.2.jar!/com/relevantcodes/extentreports/view/Extent.ftl"
2019-05-23 02:44:26,274 DEBUG [main] cache:45 - Couldn't find template in cache for "Extent.ftl"("en_IN", UTF-8, parsed); will try to load it.
2019-05-23 02:44:26,275 DEBUG [main] cache:45 - TemplateLoader.findTemplateSource("Extent_en_IN.ftl"): Not found
2019-05-23 02:44:26,275 DEBUG [main] cache:45 - TemplateLoader.findTemplateSource("Extent_en.ftl"): Not found
2019-05-23 02:44:26,275 DEBUG [main] cache:45 - TemplateLoader.findTemplateSource("Extent.ftl"): Found
2019-05-23 02:44:26,275 DEBUG [main] cache:45 - Loading template for "Extent.ftl"("en_IN", UTF-8, parsed) from "jar:file:/C:/Users/Anjani/Downloads/jar_files/extentreports-2.41.2.jar!/com/relevantcodes/extentreports/view/Extent.ftl"
2019-05-23 02:44:26,319 DEBUG [main] cache:45 - Couldn't find template in cache for "Extent.ftl"("en_IN", UTF-8, parsed); will try to load it.
2019-05-23 02:44:26,320 DEBUG [main] cache:45 - TemplateLoader.findTemplateSource("Extent_en_IN.ftl"): Not found
2019-05-23 02:44:26,320 DEBUG [main] cache:45 - TemplateLoader.findTemplateSource("Extent_en.ftl"): Not found
2019-05-23 02:44:26,320 DEBUG [main] cache:45 - TemplateLoader.findTemplateSource("Extent.ftl"): Found
2019-05-23 02:44:26,321 DEBUG [main] cache:45 - Loading template for "Extent.ftl"("en_IN", UTF-8, parsed) from "jar:file:/C:/Users/Anjani/Downloads/jar_files/extentreports-2.41.2.jar!/com/relevantcodes/extentreports/view/Extent.ftl"
2019-05-23 02:44:26,379 DEBUG [main] cache:45 - Couldn't find template in cache for "Extent.ftl"("en_IN", UTF-8, parsed); will try to load it.
2019-05-23 02:44:26,380 DEBUG [main] cache:45 - TemplateLoader.findTemplateSource("Extent_en_IN.ftl"): Not found
2019-05-23 02:44:26,389 DEBUG [main] cache:45 - TemplateLoader.findTemplateSource("Extent_en.ftl"): Not found
2019-05-23 02:44:26,390 DEBUG [main] cache:45 - TemplateLoader.findTemplateSource("Extent.ftl"): Found
2019-05-23 02:44:26,390 DEBUG [main] cache:45 - Loading template for "Extent.ftl"("en_IN", UTF-8, parsed) from "jar:file:/C:/Users/Anjani/Downloads/jar_files/extentreports-2.41.2.jar!/com/relevantcodes/extentreports/view/Extent.ftl"
2019-05-23 02:44:26,472 DEBUG [main] cache:45 - Couldn't find template in cache for "Extent.ftl"("en_IN", UTF-8, parsed); will try to load it.
2019-05-23 02:44:26,474 DEBUG [main] cache:45 - TemplateLoader.findTemplateSource("Extent_en_IN.ftl"): Not found
2019-05-23 02:44:26,475 DEBUG [main] cache:45 - TemplateLoader.findTemplateSource("Extent_en.ftl"): Not found
2019-05-23 02:44:26,476 DEBUG [main] cache:45 - TemplateLoader.findTemplateSource("Extent.ftl"): Found
2019-05-23 02:44:26,476 DEBUG [main] cache:45 - Loading template for "Extent.ftl"("en_IN", UTF-8, parsed) from "jar:file:/C:/Users/Anjani/Downloads/jar_files/extentreports-2.41.2.jar!/com/relevantcodes/extentreports/view/Extent.ftl"
2019-05-23 02:44:26,630 DEBUG [main] cache:45 - Couldn't find template in cache for "Extent.ftl"("en_IN", UTF-8, parsed); will try to load it.
2019-05-23 02:44:26,630 DEBUG [main] cache:45 - TemplateLoader.findTemplateSource("Extent_en_IN.ftl"): Not found
2019-05-23 02:44:26,631 DEBUG [main] cache:45 - TemplateLoader.findTemplateSource("Extent_en.ftl"): Not found
2019-05-23 02:44:26,631 DEBUG [main] cache:45 - TemplateLoader.findTemplateSource("Extent.ftl"): Found
2019-05-23 02:44:26,632 DEBUG [main] cache:45 - Loading template for "Extent.ftl"("en_IN", UTF-8, parsed) from "jar:file:/C:/Users/Anjani/Downloads/jar_files/extentreports-2.41.2.jar!/com/relevantcodes/extentreports/view/Extent.ftl"
